Mock S3 server running on http://localhost:9000

✅ Mock S3 is ready for testing!

You can now:
1. cd backend && npm install && npm run dev
2. cd frontend && npm run dev
3. Open http://localhost:5173 to test the uploader!
TypeError [ERR_INVALID_ARG_TYPE]: The "data" argument must be of type string or an instance of Buffer, TypedArray, or DataView. Received an instance of Object
    at Hash.update (node:internal/crypto/hash:115:11)
    at /Users/benserota/Documents/Code Projects/smartcat-smart-uploader/mock-s3/server.js:106:43
    at Layer.handle [as handle_request] (/Users/benserota/Documents/Code Projects/smartcat-smart-uploader/mock-s3/node_modules/express/lib/router/layer.js:95:5)
    at next (/Users/benserota/Documents/Code Projects/smartcat-smart-uploader/mock-s3/node_modules/express/lib/router/route.js:149:13)
    at Route.dispatch (/Users/benserota/Documents/Code Projects/smartcat-smart-uploader/mock-s3/node_modules/express/lib/router/route.js:119:3)
    at Layer.handle [as handle_request] (/Users/benserota/Documents/Code Projects/smartcat-smart-uploader/mock-s3/node_modules/express/lib/router/layer.js:95:5)
    at /Users/benserota/Documents/Code Projects/smartcat-smart-uploader/mock-s3/node_modules/express/lib/router/index.js:284:15
    at param (/Users/benserota/Documents/Code Projects/smartcat-smart-uploader/mock-s3/node_modules/express/lib/router/index.js:365:14)
    at param (/Users/benserota/Documents/Code Projects/smartcat-smart-uploader/mock-s3/node_modules/express/lib/router/index.js:376:14)
    at param (/Users/benserota/Documents/Code Projects/smartcat-smart-uploader/mock-s3/node_modules/express/lib/router/index.js:376:14)
TypeError [ERR_INVALID_ARG_TYPE]: The "data" argument must be of type string or an instance of Buffer, TypedArray, or DataView. Received an instance of Object
    at Hash.update (node:internal/crypto/hash:115:11)
    at /Users/benserota/Documents/Code Projects/smartcat-smart-uploader/mock-s3/server.js:106:43
    at Layer.handle [as handle_request] (/Users/benserota/Documents/Code Projects/smartcat-smart-uploader/mock-s3/node_modules/express/lib/router/layer.js:95:5)
    at next (/Users/benserota/Documents/Code Projects/smartcat-smart-uploader/mock-s3/node_modules/express/lib/router/route.js:149:13)
    at Route.dispatch (/Users/benserota/Documents/Code Projects/smartcat-smart-uploader/mock-s3/node_modules/express/lib/router/route.js:119:3)
    at Layer.handle [as handle_request] (/Users/benserota/Documents/Code Projects/smartcat-smart-uploader/mock-s3/node_modules/express/lib/router/layer.js:95:5)
    at /Users/benserota/Documents/Code Projects/smartcat-smart-uploader/mock-s3/node_modules/express/lib/router/index.js:284:15
    at param (/Users/benserota/Documents/Code Projects/smartcat-smart-uploader/mock-s3/node_modules/express/lib/router/index.js:365:14)
    at param (/Users/benserota/Documents/Code Projects/smartcat-smart-uploader/mock-s3/node_modules/express/lib/router/index.js:376:14)
    at param (/Users/benserota/Documents/Code Projects/smartcat-smart-uploader/mock-s3/node_modules/express/lib/router/index.js:376:14)
TypeError [ERR_INVALID_ARG_TYPE]: The "data" argument must be of type string or an instance of Buffer, TypedArray, or DataView. Received an instance of Object
    at Hash.update (node:internal/crypto/hash:115:11)
    at /Users/benserota/Documents/Code Projects/smartcat-smart-uploader/mock-s3/server.js:106:43
    at Layer.handle [as handle_request] (/Users/benserota/Documents/Code Projects/smartcat-smart-uploader/mock-s3/node_modules/express/lib/router/layer.js:95:5)
    at next (/Users/benserota/Documents/Code Projects/smartcat-smart-uploader/mock-s3/node_modules/express/lib/router/route.js:149:13)
    at Route.dispatch (/Users/benserota/Documents/Code Projects/smartcat-smart-uploader/mock-s3/node_modules/express/lib/router/route.js:119:3)
    at Layer.handle [as handle_request] (/Users/benserota/Documents/Code Projects/smartcat-smart-uploader/mock-s3/node_modules/express/lib/router/layer.js:95:5)
    at /Users/benserota/Documents/Code Projects/smartcat-smart-uploader/mock-s3/node_modules/express/lib/router/index.js:284:15
    at param (/Users/benserota/Documents/Code Projects/smartcat-smart-uploader/mock-s3/node_modules/express/lib/router/index.js:365:14)
    at param (/Users/benserota/Documents/Code Projects/smartcat-smart-uploader/mock-s3/node_modules/express/lib/router/index.js:376:14)
    at param (/Users/benserota/Documents/Code Projects/smartcat-smart-uploader/mock-s3/node_modules/express/lib/router/index.js:376:14)
TypeError [ERR_INVALID_ARG_TYPE]: The "data" argument must be of type string or an instance of Buffer, TypedArray, or DataView. Received an instance of Object
    at Hash.update (node:internal/crypto/hash:115:11)
    at /Users/benserota/Documents/Code Projects/smartcat-smart-uploader/mock-s3/server.js:106:43
    at Layer.handle [as handle_request] (/Users/benserota/Documents/Code Projects/smartcat-smart-uploader/mock-s3/node_modules/express/lib/router/layer.js:95:5)
    at next (/Users/benserota/Documents/Code Projects/smartcat-smart-uploader/mock-s3/node_modules/express/lib/router/route.js:149:13)
    at Route.dispatch (/Users/benserota/Documents/Code Projects/smartcat-smart-uploader/mock-s3/node_modules/express/lib/router/route.js:119:3)
    at Layer.handle [as handle_request] (/Users/benserota/Documents/Code Projects/smartcat-smart-uploader/mock-s3/node_modules/express/lib/router/layer.js:95:5)
    at /Users/benserota/Documents/Code Projects/smartcat-smart-uploader/mock-s3/node_modules/express/lib/router/index.js:284:15
    at param (/Users/benserota/Documents/Code Projects/smartcat-smart-uploader/mock-s3/node_modules/express/lib/router/index.js:365:14)
    at param (/Users/benserota/Documents/Code Projects/smartcat-smart-uploader/mock-s3/node_modules/express/lib/router/index.js:376:14)
    at param (/Users/benserota/Documents/Code Projects/smartcat-smart-uploader/mock-s3/node_modules/express/lib/router/index.js:376:14)
